

***********************************************************
          LOGGING STARTED Wed Jan  5 09:00:16 2011
***********************************************************

Wed Jan  5 09:00:16 2011 SX_LOG_ERR (sx_dec.c 226) 
  XML File (/home/ems/h9000/iccp/logcfg.xml) Open Error

Wed Jan  5 09:00:16 2011 SX_LOG_ERR (logcfgx.c 464) 
  Error: Trying again w/debug on ... 

Wed Jan  5 09:00:16 2011 SX_LOG_FLOW (sx_dec.c 223) 
  Start Decoding XML file /home/ems/h9000/iccp/logcfg.xml

Wed Jan  5 09:00:16 2011 SX_LOG_ERR (sx_dec.c 226) 
  XML File (/home/ems/h9000/iccp/logcfg.xml) Open Error

***********************************************************
          LOGGING STARTED Wed Jan  5 09:00:52 2011
***********************************************************

Wed Jan  5 09:00:52 2011 SX_LOG_ERR (sx_dec.c 226) 
  XML File (/home/ems/h9000/iccp/logcfg.xml) Open Error

Wed Jan  5 09:00:52 2011 SX_LOG_ERR (logcfgx.c 464) 
  Error: Trying again w/debug on ... 

Wed Jan  5 09:00:52 2011 SX_LOG_FLOW (sx_dec.c 223) 
  Start Decoding XML file /home/ems/h9000/iccp/logcfg.xml

Wed Jan  5 09:00:52 2011 SX_LOG_ERR (sx_dec.c 226) 
  XML File (/home/ems/h9000/iccp/logcfg.xml) Open Error

***********************************************************
          LOGGING STARTED Wed Jan  5 09:07:53 2011
***********************************************************

Wed Jan  5 09:07:53 2011 SX_LOG_ERR (sx_dec.c 226) 
  XML File (/home/ems/h9000/iccp/logcfg.xml) Open Error

Wed Jan  5 09:07:53 2011 SX_LOG_ERR (logcfgx.c 464) 
  Error: Trying again w/debug on ... 

Wed Jan  5 09:07:53 2011 SX_LOG_FLOW (sx_dec.c 223) 
  Start Decoding XML file /home/ems/h9000/iccp/logcfg.xml

Wed Jan  5 09:07:53 2011 SX_LOG_ERR (sx_dec.c 226) 
  XML File (/home/ems/h9000/iccp/logcfg.xml) Open Error

***********************************************************
          LOGGING STARTED Wed Jan  5 15:27:34 2011
***********************************************************

Wed Jan  5 15:27:34 2011 SX_LOG_ERR (sx_dec.c 226) 
  XML File (/home/ems/h9000/iccp/logcfg.xml) Open Error

Wed Jan  5 15:27:34 2011 SX_LOG_ERR (logcfgx.c 464) 
  Error: Trying again w/debug on ... 

Wed Jan  5 15:27:34 2011 SX_LOG_FLOW (sx_dec.c 223) 
  Start Decoding XML file /home/ems/h9000/iccp/logcfg.xml

Wed Jan  5 15:27:34 2011 SX_LOG_ERR (sx_dec.c 226) 
  XML File (/home/ems/h9000/iccp/logcfg.xml) Open Error

***********************************************************
          LOGGING STARTED Wed Jan  5 15:33:23 2011
***********************************************************

Wed Jan  5 15:33:23 2011 SX_LOG_ERR (sx_dec.c 226) 
  XML File (/home/ems/h9000/iccp/logcfg.xml) Open Error

Wed Jan  5 15:33:23 2011 SX_LOG_ERR (logcfgx.c 464) 
  Error: Trying again w/debug on ... 

Wed Jan  5 15:33:23 2011 SX_LOG_FLOW (sx_dec.c 223) 
  Start Decoding XML file /home/ems/h9000/iccp/logcfg.xml

Wed Jan  5 15:33:23 2011 SX_LOG_ERR (sx_dec.c 226) 
  XML File (/home/ems/h9000/iccp/logcfg.xml) Open Error

***********************************************************
          LOGGING STARTED Wed Jan  5 15:33:53 2011
***********************************************************

Wed Jan  5 15:33:53 2011 SX_LOG_ERR (sx_dec.c 226) 
  XML File (/home/ems/h9000/iccp/logcfg.xml) Open Error

Wed Jan  5 15:33:53 2011 SX_LOG_ERR (logcfgx.c 464) 
  Error: Trying again w/debug on ... 

Wed Jan  5 15:33:53 2011 SX_LOG_FLOW (sx_dec.c 223) 
  Start Decoding XML file /home/ems/h9000/iccp/logcfg.xml

Wed Jan  5 15:33:53 2011 SX_LOG_ERR (sx_dec.c 226) 
  XML File (/home/ems/h9000/iccp/logcfg.xml) Open Error